   Compiling defmt-macros v1.0.1
   Compiling embedded_wg_display v0.1.0 (/home/cyril/wg_display_embedded)
   Compiling defmt v1.0.1
   Compiling defmt v0.3.100
   Compiling embedded-io v0.7.1
   Compiling embassy-futures v0.1.2
   Compiling enumset v1.1.10
   Compiling xtensa-lx-rt v0.21.0
   Compiling esp32s3 v0.34.0
   Compiling heapless v0.9.2
   Compiling esp-wifi-sys v0.8.1
   Compiling embassy-time v0.5.0
   Compiling embassy-executor v0.9.1
   Compiling esp-bootloader-esp-idf v0.4.0
   Compiling heapless v0.8.0
   Compiling embedded-io v0.6.1
   Compiling fugit v0.3.9
   Compiling embassy-net-driver v0.2.0
   Compiling embedded-io-async v0.6.1
   Compiling embedded-io-async v0.7.0
   Compiling embassy-usb-driver v0.2.0
   Compiling embedded-nal-async v0.9.0
   Compiling buffered-io v0.6.0
   Compiling embassy-sync v0.7.2
   Compiling embassy-sync v0.6.2
   Compiling usb-device v0.3.2
   Compiling smoltcp v0.12.0
   Compiling embassy-time-queue-utils v0.3.0
   Compiling mipidsi v0.10.0
   Compiling esp-synopsys-usb-otg v0.4.2
   Compiling der v0.8.0-rc.10
   Compiling esp-sync v0.1.1
   Compiling embassy-embedded-hal v0.5.0
   Compiling embassy-usb-synopsys-otg v0.3.1
   Compiling esp-alloc v0.9.0
   Compiling esp-println v0.16.1
   Compiling embedded-tls v0.18.0
   Compiling embassy-net v0.8.0
   Compiling reqwless v0.14.0
   Compiling esp-hal v1.0.0
   Compiling esp-phy v0.1.1
   Compiling esp-storage v0.8.1
   Compiling esp-rtos v0.2.0
   Compiling esp-radio v0.17.0
   Compiling esp-nvs v0.2.0
warning: unused import: `crate::http_client::EspHttpClient`
 --> src/runtime/mod.rs:9:5
  |
9 | use crate::http_client::EspHttpClient;
  |     ^^^^^^^^^^^^^^^^^^^^^^^^^^^^^^^^^
  |
  = note: `#[warn(unused_imports)]` (part of `#[warn(unused)]`) on by default

warning: unused import: `embassy_net::Stack`
  --> src/runtime/mod.rs:10:5
   |
10 | use embassy_net::Stack;
   |     ^^^^^^^^^^^^^^^^^^

warning: `embedded_wg_display` (bin "embedded_wg_display") generated 2 warnings (run `cargo fix --bin "embedded_wg_display" -p embedded_wg_display` to apply 2 suggestions)
    Finished `release` profile [optimized + debuginfo] target(s) in 52.33s
     Running `espflash flash --monitor --partition-table partitions.csv --chip esp32s3 --log-format defmt target/xtensa-esp32s3-none-elf/release/embedded_wg_display`
[2026-02-25T15:48:27Z INFO ] Serial port: '/dev/ttyACM0'
[2026-02-25T15:48:27Z INFO ] Connecting...
[2026-02-25T15:48:27Z INFO ] Using flash stub
Chip type:         esp32s3 (revision v0.2)
Crystal frequency: 40 MHz
Flash size:        16MB
Features:          WiFi, BLE, Embedded Flash
MAC address:       90:e5:b1:ac:23:04
App/part. size:    3,012,272/3,145,728 bytes, 95.76%
[2026-02-25T15:48:58Z INFO ] Flashing has completed!
Commands:
    CTRL+R    Reset chip
    CTRL+C    Exit

ESP-ROM:esp32s3-20210327
Build:Mar 27 2021
rst:0x15 (USB_UART_CHIP_RESET),boot:0xa (SPI_FAST_FLASH_BOOT)
Saved PC:0x40378eb1
SPIWP:0xee
mode:DIO, clock div:2
load:0x3fce2820,len:0x158c
load:0x403c8700,len:0xd24
load:0x403cb700,len:0x2f34
entry 0x403c8924
I (23) boot: ESP-IDF v5.5.1-838-gd66ebb86d2e 2nd stage bootloader
I (24) boot: compile time Nov 26 2025 12:27:56
I (24) boot: Multicore bootloader
I (25) boot: chip revision: v0.2
I (28) boot: efuse block revision: v1.3
I (32) boot.esp32s3: Boot SPI Speed : 40MHz
I (35) boot.esp32s3: SPI Mode       : DIO
I (39) boot.esp32s3: SPI Flash Size : 16MB
I (43) boot: Enabling RNG early entropy source...
I (48) boot: Partition Table:
I (50) boot: ## Label            Usage          Type ST Offset   Length
I (56) boot:  0 nvs              WiFi data        01 02 00009000 00005000
I (63) boot:  1 phy_init         RF data          01 01 0000e000 00001000
I (69) boot:  2 factory          factory app      00 00 00010000 00300000
I (76) boot:  3 storage          WiFi data        01 02 00310000 00cf0000
I (83) boot: End of partition table
I (86) esp_image: segment 0: paddr=00010020 vaddr=3c000020 size=1a872ch (1738540) map
I (520) esp_image: segment 1: paddr=001b8754 vaddr=3fc932b0 size=04024h ( 16420) load
I (525) esp_image: segment 2: paddr=001bc780 vaddr=40378000 size=03898h ( 14488) load
I (529) esp_image: segment 3: paddr=001c0020 vaddr=421b0020 size=127c4ch (1211468) map
I (828) esp_image: segment 4: paddr=002e7c74 vaddr=4037b898 size=07a18h ( 31256) load
I (843) boot: Loaded app from partition at offset 0x10000
I (843) boot: Disabling RNG early entropy source...
[INFO ] vendor id    : 0d (AP) (esp_hal src/psram/esp32s3.rs:1463)
[INFO ] dev id       : 03 (generation 4) (esp_hal src/psram/esp32s3.rs:1472)
[INFO ] density      : 05 (128 Mbit) (esp_hal src/psram/esp32s3.rs:1477)
[INFO ] good-die     : 01 (Pass) (esp_hal src/psram/esp32s3.rs:1492)
[INFO ] Latency      : 01 (Fixed) (esp_hal src/psram/esp32s3.rs:1497)
[INFO ] VCC          : 00 (1.8V) (esp_hal src/psram/esp32s3.rs:1506)
[INFO ] SRF          : 01 (Fast Refresh) (esp_hal src/psram/esp32s3.rs:1511)
[INFO ] BurstType    : 01 (Hybrid Wrap) (esp_hal src/psram/esp32s3.rs:1516)
[INFO ] BurstLen     : 01 (32 Byte) (esp_hal src/psram/esp32s3.rs:1525)
[INFO ] Readlatency  : 02 (10 cycles@Fixed) (esp_hal src/psram/esp32s3.rs:1538)
[INFO ] DriveStrength: 00 (1/1) (esp_hal src/psram/esp32s3.rs:1548)
[INFO ] 16777216 bytes of PSRAM (esp_hal src/psram/esp32s3.rs:1105)
[INFO ] Embassy initialized! (embedded_wg_display wg_display_embedded/src/main.rs:68)
[INFO ] Partition table: (embedded_wg_display src/storage/mod.rs:47)
[INFO ]   nvs: offset=0x9000, size=0x5000 (embedded_wg_display src/storage/mod.rs:49)
[INFO ]   phy_init: offset=0xe000, size=0x1000 (embedded_wg_display src/storage/mod.rs:49)
[INFO ]   factory: offset=0x10000, size=0x300000 (embedded_wg_display src/storage/mod.rs:49)
[INFO ]   storage: offset=0x310000, size=0xcf0000 (embedded_wg_display src/storage/mod.rs:49)
[INFO ] Display initialized successfully (embedded_wg_display src/display/mod.rs:108)
[INFO ] Getting config for key 'ssid' (embedded_wg_display src/storage/mod.rs:83)
[INFO ] Getting config for key 'pw' (embedded_wg_display src/storage/mod.rs:83)
[INFO ] IPv4: DOWN (embassy_net embassy-net-0.8.0/src/lib.rs:751)
[INFO ] Wifi configured (embedded_wg_display src/wifi/mod.rs:70)
[INFO ] Waiting for link to be up (embedded_wg_display src/wifi/mod.rs:88)
[WARN ] esp_wifi_internal_tx 12290 (esp_radio src/wifi/mod.rs:2418)
[INFO ] start connection task (embedded_wg_display src/wifi/mod.rs:110)
[INFO ] Starting wifi (embedded_wg_display src/wifi/mod.rs:118)
[INFO ] Wifi started! (embedded_wg_display src/wifi/mod.rs:120)
[INFO ] About to connect... (embedded_wg_display src/wifi/mod.rs:132)
[INFO ] link_up = true (embassy_net embassy-net-0.8.0/src/lib.rs:839)
[INFO ] IPv4: DOWN (embassy_net embassy-net-0.8.0/src/lib.rs:751)
[INFO ] Wifi connected! (embedded_wg_display src/wifi/mod.rs:135)
[INFO ] Waiting to get IP address... (embedded_wg_display src/wifi/mod.rs:96)
[INFO ] Got IP: 192.168.1.130/24 (embedded_wg_display src/wifi/mod.rs:99)
[INFO ] Response status: 200 (embedded_wg_display src/http_client/mod.rs:89)
[INFO ] Response: {
  "userId": 1,
  "id": 1,
  "title": "sunt aut facere repellat provident occaecati excepturi optio reprehenderit",
  "body": "quia et suscipit\nsuscipit recusandae consequuntur expedita et cum\nreprehenderit molestiae ut ut quas totam\nnostrum rerum est autem sunt rem eveniet architecto"
} (embedded_wg_display wg_display_embedded/src/main.rs:112)
[INFO ] HTTP worker task spawned (embedded_wg_display wg_display_embedded/src/main.rs:120)
[INFO ] Initializing Wasmtime runtime (embedded_wg_display src/runtime/mod.rs:43)
[INFO ] Wasmtime runtime initialized successfully (embedded_wg_display src/runtime/mod.rs:71)
[INFO ] Module loaded successfully (embedded_wg_display src/runtime/mod.rs:82)
